<?xml version="1.0" encoding="UTF-8"?>
<testsuite name="TamagotchiTest" tests="1" skipped="0" failures="0" errors="0" timestamp="2016-02-16T19:04:44" hostname="epicodus-55.local" time="0.0">
  <properties/>
  <testcase name="tamagotchi_instantiatesCorrectly" classname="TamagotchiTest" time="0.0"/>
  <system-out><![CDATA[]]></system-out>
  <system-err><![CDATA[]]></system-err>
</testsuite>
